[INFO  - 2020-07-13T10:38:16.561Z] GhostDriver - Main - running on port 52936
[INFO  - 2020-07-13T10:38:18.662Z] Session [f7326200-c4f4-11ea-b01a-b595918831fe] - page.settings - {"XSSAuditingEnabled":false,"javascriptCanCloseWindows":true,"javascriptCanOpenWindows":true,"javascriptEnabled":true,"loadImages":true,"localToRemoteUrlAccessEnabled":false,"userAgent":"Mozilla/5.0 (Windows NT 6.2; WOW64) AppleWebKit/538.1 (KHTML, like Gecko) PhantomJS/2.1.1 Safari/538.1","webSecurityEnabled":true}
[INFO  - 2020-07-13T10:38:18.662Z] Session [f7326200-c4f4-11ea-b01a-b595918831fe] - page.customHeaders:  - {}
[INFO  - 2020-07-13T10:38:18.662Z] Session [f7326200-c4f4-11ea-b01a-b595918831fe] - Session.negotiatedCapabilities - {"browserName":"phantomjs","version":"2.1.1","driverName":"ghostdriver","driverVersion":"1.2.0","platform":"windows-10-32bit","javascriptEnabled":true,"takesScreenshot":true,"handlesAlerts":false,"databaseEnabled":false,"locationContextEnabled":false,"applicationCacheEnabled":false,"browserConnectionEnabled":false,"cssSelectorsEnabled":true,"webStorageEnabled":false,"rotatable":false,"acceptSslCerts":false,"nativeEvents":true,"proxy":{"proxyType":"direct"}}
[INFO  - 2020-07-13T10:38:18.662Z] SessionManagerReqHand - _postNewSessionCommand - New Session Created: f7326200-c4f4-11ea-b01a-b595918831fe
[ERROR - 2020-07-13T10:38:19.594Z] Session [f7326200-c4f4-11ea-b01a-b595918831fe] - page.onError - msg: ReferenceError: Can't find variable: BANNER_SLIDER

  phantomjs://platform/console++.js:263 in error
[ERROR - 2020-07-13T10:38:19.594Z] Session [f7326200-c4f4-11ea-b01a-b595918831fe] - page.onError - stack:
  global code (http://www.weather.com.cn/weather40dn/101200101.shtml:618)

  phantomjs://platform/console++.js:263 in error
[ERROR - 2020-07-13T10:38:19.754Z] Session [f7326200-c4f4-11ea-b01a-b595918831fe] - page.onError - msg: ReferenceError: Can't find variable: jQuery

  phantomjs://platform/console++.js:263 in error
[ERROR - 2020-07-13T10:38:19.754Z] Session [f7326200-c4f4-11ea-b01a-b595918831fe] - page.onError - stack:
  global code (http://i.tq121.com.cn/j/plugs/jquery.endless-scroll-new.js:1)

  phantomjs://platform/console++.js:263 in error
[ERROR - 2020-07-13T10:38:19.754Z] Session [f7326200-c4f4-11ea-b01a-b595918831fe] - page.onError - msg: ReferenceError: Can't find variable: $

  phantomjs://platform/console++.js:263 in error
[ERROR - 2020-07-13T10:38:19.755Z] Session [f7326200-c4f4-11ea-b01a-b595918831fe] - page.onError - stack:
  global code (http://i.tq121.com.cn/j/weather2017/news.js:1)

  phantomjs://platform/console++.js:263 in error
[INFO  - 2020-07-13T10:43:16.706Z] SessionManagerReqHand - _cleanupWindowlessSessions - Asynchronous Sessions clean-up phase starting NOW
[INFO  - 2020-07-13T10:43:16.708Z] SessionManagerReqHand - _cleanupWindowlessSessions - Deleted Session 'f7326200-c4f4-11ea-b01a-b595918831fe', because windowless
